Started GET "/" for ::1 at 2020-10-08 16:36:51 -0700
DEPRECATION WARNING: ActiveRecord::Base.raise_in_transactional_callbacks= is deprecated, has no effect and will be removed without replacement. (called from block (3 levels) in <class:Railtie> at /Users/carlosgarciajr/.rbenv/versions/2.5.1/lib/ruby/gems/2.5.0/gems/activerecord-5.0.7.2/lib/active_record/railtie.rb:113)
Processing by StaticPagesController#index as HTML
  Rendering static_pages/index.html.erb within layouts/application
  Rendered shared/_main_nav.html.erb (0.3ms)
  Rendered shared/_masthead.html.erb (0.2ms)
  Rendered shared/_sections_nav.html.erb (0.2ms)
  Rendered shared/_search_modal.html.erb (0.2ms)
  Rendered shared/_main_content.html.erb (0.2ms)
  Rendered static_pages/index.html.erb within layouts/application (15.2ms)
Completed 200 OK in 362ms (Views: 358.9ms | ActiveRecord: 0.0ms)


Started GET "/assets/application.self-5e5b219656abf8c4e83f7dfd5e5f4f415d8fe2348d16620303a4ed96d1b5a144.css?body=1" for ::1 at 2020-10-08 16:36:52 -0700
Started GET "/" for ::1 at 2020-10-08 16:36:53 -0700
Processing by StaticPagesController#index as HTML
  Rendering static_pages/index.html.erb within layouts/application
  Rendered shared/_main_nav.html.erb (0.2ms)
  Rendered shared/_masthead.html.erb (0.2ms)
  Rendered shared/_sections_nav.html.erb (0.2ms)
  Rendered shared/_search_modal.html.erb (0.2ms)
  Rendered shared/_main_content.html.erb (0.1ms)
  Rendered static_pages/index.html.erb within layouts/application (13.2ms)
Completed 200 OK in 29ms (Views: 26.9ms | ActiveRecord: 0.0ms)


Started GET "/" for ::1 at 2020-10-08 16:37:17 -0700
Processing by StaticPagesController#index as HTML
  Rendering static_pages/index.html.erb within layouts/application
  Rendered shared/_main_nav.html.erb (0.2ms)
  Rendered shared/_masthead.html.erb (0.2ms)
  Rendered shared/_sections_nav.html.erb (0.2ms)
  Rendered shared/_search_modal.html.erb (0.2ms)
  Rendered shared/_main_content.html.erb (0.2ms)
  Rendered static_pages/index.html.erb within layouts/application (14.6ms)
Completed 200 OK in 35ms (Views: 31.8ms | ActiveRecord: 0.0ms)


Started GET "/" for ::1 at 2020-10-08 16:37:20 -0700
Processing by StaticPagesController#index as HTML
  Rendering static_pages/index.html.erb within layouts/application
  Rendered shared/_main_nav.html.erb (0.2ms)
  Rendered shared/_masthead.html.erb (0.2ms)
  Rendered shared/_sections_nav.html.erb (0.2ms)
  Rendered shared/_search_modal.html.erb (0.2ms)
  Rendered shared/_main_content.html.erb (0.2ms)
  Rendered static_pages/index.html.erb within layouts/application (12.8ms)
Completed 200 OK in 30ms (Views: 27.7ms | ActiveRecord: 0.0ms)


Started GET "/" for ::1 at 2020-10-09 09:59:50 -0700
DEPRECATION WARNING: ActiveRecord::Base.raise_in_transactional_callbacks= is deprecated, has no effect and will be removed without replacement. (called from block (3 levels) in <class:Railtie> at /Users/carlosgarciajr/.rbenv/versions/2.5.1/lib/ruby/gems/2.5.0/gems/activerecord-5.0.7.2/lib/active_record/railtie.rb:113)
Processing by StaticPagesController#index as HTML
  Rendering static_pages/index.html.erb within layouts/application
  Rendered shared/_main_nav.html.erb (0.3ms)
  Rendered shared/_masthead.html.erb (0.2ms)
  Rendered shared/_sections_nav.html.erb (0.2ms)
  Rendered shared/_search_modal.html.erb (0.2ms)
  Rendered shared/_main_content.html.erb (0.2ms)
  Rendered static_pages/index.html.erb within layouts/application (15.4ms)
Completed 200 OK in 353ms (Views: 350.1ms | ActiveRecord: 0.0ms)


Started GET "/assets/application.self-7aae4f884d21c0f895d0e25909b4a3857ca3f7bdd4412baf28bf32a8b1f558b1.css?body=1" for ::1 at 2020-10-09 09:59:51 -0700
Started GET "/" for ::1 at 2020-10-09 10:00:16 -0700
Processing by StaticPagesController#index as HTML
  Rendering static_pages/index.html.erb within layouts/application
  Rendered shared/_main_nav.html.erb (0.2ms)
  Rendered shared/_masthead.html.erb (0.2ms)
  Rendered shared/_sections_nav.html.erb (0.1ms)
  Rendered shared/_search_modal.html.erb (0.2ms)
  Rendered shared/_main_content.html.erb (0.4ms)
  Rendered static_pages/index.html.erb within layouts/application (12.9ms)
Completed 200 OK in 34ms (Views: 30.5ms | ActiveRecord: 0.0ms)


Started GET "/assets/new_office.jpg" for ::1 at 2020-10-09 10:00:16 -0700
Started GET "/" for ::1 at 2020-10-09 10:03:51 -0700
Processing by StaticPagesController#index as HTML
  Rendering static_pages/index.html.erb within layouts/application
  Rendered shared/_main_nav.html.erb (0.2ms)
  Rendered shared/_masthead.html.erb (0.2ms)
  Rendered shared/_sections_nav.html.erb (0.3ms)
  Rendered shared/_search_modal.html.erb (0.2ms)
  Rendered shared/_main_content.html.erb (0.3ms)
  Rendered static_pages/index.html.erb within layouts/application (13.1ms)
Completed 200 OK in 109ms (Views: 104.9ms | ActiveRecord: 0.0ms)


Started GET "/assets/application.self-e229079662ba64eec2df88cc9898f07a6b5005419aa37c928d3d684a6d58d3e4.css?body=1" for ::1 at 2020-10-09 10:03:51 -0700
Started GET "/assets/new_office.jpg" for ::1 at 2020-10-09 10:03:51 -0700
Started GET "/" for ::1 at 2020-10-12 13:48:14 -0700
DEPRECATION WARNING: ActiveRecord::Base.raise_in_transactional_callbacks= is deprecated, has no effect and will be removed without replacement. (called from block (3 levels) in <class:Railtie> at /Users/carlosgarciajr/.rbenv/versions/2.5.1/lib/ruby/gems/2.5.0/gems/activerecord-5.0.7.2/lib/active_record/railtie.rb:113)
Processing by StaticPagesController#index as HTML
  Rendering static_pages/index.html.erb within layouts/application
  Rendered shared/_main_nav.html.erb (0.2ms)
  Rendered shared/_masthead.html.erb (0.1ms)
  Rendered shared/_sections_nav.html.erb (0.1ms)
  Rendered shared/_search_modal.html.erb (0.2ms)
  Rendered shared/_main_content.html.erb (0.3ms)
  Rendered static_pages/index.html.erb within layouts/application (14.5ms)
Completed 500 Internal Server Error in 194ms (ActiveRecord: 0.0ms)



Sass::SyntaxError - File to import not found or unreadable: base/grid.scss.
Load paths:
  /Users/carlosgarciajr/Documents/programming/app_academy_work/curriculum/html-css/projects/aa_times/skeleton/app/assets/images
  /Users/carlosgarciajr/Documents/programming/app_academy_work/curriculum/html-css/projects/aa_times/skeleton/app/assets/javascripts
  /Users/carlosgarciajr/Documents/programming/app_academy_work/curriculum/html-css/projects/aa_times/skeleton/app/assets/stylesheets
  /Users/carlosgarciajr/Documents/programming/app_academy_work/curriculum/html-css/projects/aa_times/skeleton/vendor/assets/javascripts
  /Users/carlosgarciajr/Documents/programming/app_academy_work/curriculum/html-css/projects/aa_times/skeleton/vendor/assets/stylesheets
  /Users/carlosgarciajr/.rbenv/versions/2.5.1/lib/ruby/gems/2.5.0/gems/jquery-rails-4.4.0/vendor/assets/javascripts
  /Users/carlosgarciajr/.rbenv/versions/2.5.1/lib/ruby/gems/2.5.0/gems/coffee-rails-4.2.2/lib/assets/javascripts
  /Users/carlosgarciajr/.rbenv/versions/2.5.1/lib/ruby/gems/2.5.0/gems/actioncable-5.0.7.2/lib/assets/compiled:
  app/views/layouts/application.html.erb:7:in `_app_views_layouts_application_html_erb___270333905406359367_70279989431840'

Started POST "/__better_errors/927a171e4587d656/variables" for ::1 at 2020-10-12 13:48:14 -0700
Started GET "/" for ::1 at 2020-10-12 13:48:41 -0700
Processing by StaticPagesController#index as HTML
  Rendering static_pages/index.html.erb within layouts/application
  Rendered shared/_main_nav.html.erb (0.2ms)
  Rendered shared/_masthead.html.erb (0.1ms)
  Rendered shared/_sections_nav.html.erb (0.3ms)
  Rendered shared/_search_modal.html.erb (0.3ms)
  Rendered shared/_main_content.html.erb (0.2ms)
  Rendered static_pages/index.html.erb within layouts/application (12.8ms)
Completed 200 OK in 110ms (Views: 107.4ms | ActiveRecord: 0.0ms)


Started GET "/assets/application.self-1237ad35a9ee79bd64030d4638d1fd80f6734c490eb538e0dd01d7af3c16bf40.css?body=1" for ::1 at 2020-10-12 13:48:41 -0700
Started GET "/" for ::1 at 2020-10-12 13:48:43 -0700
Processing by StaticPagesController#index as HTML
  Rendering static_pages/index.html.erb within layouts/application
  Rendered shared/_main_nav.html.erb (0.2ms)
  Rendered shared/_masthead.html.erb (0.2ms)
  Rendered shared/_sections_nav.html.erb (0.2ms)
  Rendered shared/_search_modal.html.erb (0.2ms)
  Rendered shared/_main_content.html.erb (0.2ms)
  Rendered static_pages/index.html.erb within layouts/application (13.1ms)
Completed 200 OK in 33ms (Views: 29.9ms | ActiveRecord: 0.0ms)


Started GET "/" for ::1 at 2020-10-12 13:55:52 -0700
DEPRECATION WARNING: ActiveRecord::Base.raise_in_transactional_callbacks= is deprecated, has no effect and will be removed without replacement. (called from block (3 levels) in <class:Railtie> at /Users/carlosgarciajr/.rbenv/versions/2.5.1/lib/ruby/gems/2.5.0/gems/activerecord-5.0.7.2/lib/active_record/railtie.rb:113)
Processing by StaticPagesController#index as HTML
  Rendering static_pages/index.html.erb within layouts/application
  Rendered shared/_main_nav.html.erb (0.2ms)
  Rendered shared/_masthead.html.erb (0.1ms)
  Rendered shared/_sections_nav.html.erb (0.3ms)
  Rendered shared/_search_modal.html.erb (0.2ms)
  Rendered shared/_main_content.html.erb (0.3ms)
  Rendered static_pages/index.html.erb within layouts/application (14.6ms)
Completed 200 OK in 257ms (Views: 254.8ms | ActiveRecord: 0.0ms)


Started GET "/assets/application.self-758afe40c177e32f890a8b8e23f11571b5d1785af915c0789bd6a19191afc6ab.css?body=1" for ::1 at 2020-10-12 13:55:52 -0700
Started GET "/assets/new_office.jpg" for ::1 at 2020-10-12 13:55:52 -0700
Started GET "/" for ::1 at 2020-10-12 13:56:32 -0700
Processing by StaticPagesController#index as HTML
  Rendering static_pages/index.html.erb within layouts/application
  Rendered shared/_main_nav.html.erb (0.1ms)
  Rendered shared/_masthead.html.erb (0.2ms)
  Rendered shared/_sections_nav.html.erb (0.1ms)
  Rendered shared/_search_modal.html.erb (0.3ms)
  Rendered shared/_main_content.html.erb (0.3ms)
  Rendered static_pages/index.html.erb within layouts/application (12.3ms)
Completed 200 OK in 75ms (Views: 72.8ms | ActiveRecord: 0.0ms)


Started GET "/assets/application.self-e229079662ba64eec2df88cc9898f07a6b5005419aa37c928d3d684a6d58d3e4.css?body=1" for ::1 at 2020-10-12 13:56:32 -0700
Started GET "/assets/new_office.jpg" for ::1 at 2020-10-12 13:56:32 -0700
Started GET "/" for ::1 at 2020-10-12 13:56:33 -0700
Processing by StaticPagesController#index as HTML
  Rendering static_pages/index.html.erb within layouts/application
  Rendered shared/_main_nav.html.erb (0.2ms)
  Rendered shared/_masthead.html.erb (0.2ms)
  Rendered shared/_sections_nav.html.erb (0.2ms)
  Rendered shared/_search_modal.html.erb (0.2ms)
  Rendered shared/_main_content.html.erb (0.2ms)
  Rendered static_pages/index.html.erb within layouts/application (12.9ms)
Completed 200 OK in 34ms (Views: 31.3ms | ActiveRecord: 0.0ms)


Started GET "/assets/new_office.jpg" for ::1 at 2020-10-12 13:56:33 -0700
Started GET "/" for ::1 at 2020-10-12 13:57:15 -0700
Processing by StaticPagesController#index as HTML
  Rendering static_pages/index.html.erb within layouts/application
  Rendered shared/_main_nav.html.erb (0.2ms)
  Rendered shared/_masthead.html.erb (0.2ms)
  Rendered shared/_sections_nav.html.erb (0.2ms)
  Rendered shared/_search_modal.html.erb (0.2ms)
  Rendered shared/_main_content.html.erb (0.3ms)
  Rendered static_pages/index.html.erb within layouts/application (12.6ms)
Completed 200 OK in 92ms (Views: 88.2ms | ActiveRecord: 0.0ms)


Started GET "/assets/application.self-7aae4f884d21c0f895d0e25909b4a3857ca3f7bdd4412baf28bf32a8b1f558b1.css?body=1" for ::1 at 2020-10-12 13:57:15 -0700
Started GET "/assets/new_office.jpg" for ::1 at 2020-10-12 13:57:15 -0700
Started GET "/albums/1" for ::1 at 2021-02-11 14:11:11 -0500
DEPRECATION WARNING: ActiveRecord::Base.raise_in_transactional_callbacks= is deprecated, has no effect and will be removed without replacement. (called from block (3 levels) in <class:Railtie> at /Users/lane/.rbenv/versions/2.5.1/lib/ruby/gems/2.5.0/gems/activerecord-5.0.7.2/lib/active_record/railtie.rb:113)
  
ActionController::RoutingError (No route matches [GET] "/albums/1"):
  
actionpack (5.0.7.2) lib/action_dispatch/middleware/debug_exceptions.rb:53:in `call'
web-console (3.7.0) lib/web_console/middleware.rb:135:in `call_app'
web-console (3.7.0) lib/web_console/middleware.rb:30:in `block in call'
web-console (3.7.0) lib/web_console/middleware.rb:20:in `catch'
web-console (3.7.0) lib/web_console/middleware.rb:20:in `call'
actionpack (5.0.7.2) lib/action_dispatch/middleware/show_exceptions.rb:31:in `call'
railties (5.0.7.2) lib/rails/rack/logger.rb:36:in `call_app'
railties (5.0.7.2) lib/rails/rack/logger.rb:24:in `block in call'
activesupport (5.0.7.2) lib/active_support/tagged_logging.rb:69:in `block in tagged'
activesupport (5.0.7.2) lib/active_support/tagged_logging.rb:26:in `tagged'
activesupport (5.0.7.2) lib/active_support/tagged_logging.rb:69:in `tagged'
railties (5.0.7.2) lib/rails/rack/logger.rb:24:in `call'
actionpack (5.0.7.2) lib/action_dispatch/middleware/request_id.rb:24:in `call'
rack (2.2.3) lib/rack/method_override.rb:24:in `call'
rack (2.2.3) lib/rack/runtime.rb:22:in `call'
activesupport (5.0.7.2) lib/active_support/cache/strategy/local_cache_middleware.rb:28:in `call'
actionpack (5.0.7.2) lib/action_dispatch/middleware/executor.rb:12:in `call'
rack-livereload (0.3.17) lib/rack/livereload.rb:23:in `_call'
rack-livereload (0.3.17) lib/rack/livereload.rb:14:in `call'
actionpack (5.0.7.2) lib/action_dispatch/middleware/static.rb:136:in `call'
rack (2.2.3) lib/rack/sendfile.rb:110:in `call'
railties (5.0.7.2) lib/rails/engine.rb:522:in `call'
puma (3.12.6) lib/puma/configuration.rb:227:in `call'
puma (3.12.6) lib/puma/server.rb:706:in `handle_request'
puma (3.12.6) lib/puma/server.rb:476:in `process_client'
puma (3.12.6) lib/puma/server.rb:334:in `block in run'
puma (3.12.6) lib/puma/thread_pool.rb:135:in `block in spawn_thread'
  Rendering /Users/lane/.rbenv/versions/2.5.1/lib/ruby/gems/2.5.0/gems/actionpack-5.0.7.2/lib/action_dispatch/middleware/templates/rescues/routing_error.html.erb within rescues/layout
  Rendering /Users/lane/.rbenv/versions/2.5.1/lib/ruby/gems/2.5.0/gems/actionpack-5.0.7.2/lib/action_dispatch/middleware/templates/rescues/_trace.html.erb
  Rendered /Users/lane/.rbenv/versions/2.5.1/lib/ruby/gems/2.5.0/gems/actionpack-5.0.7.2/lib/action_dispatch/middleware/templates/rescues/_trace.html.erb (1.5ms)
  Rendered collection of /Users/lane/.rbenv/versions/2.5.1/lib/ruby/gems/2.5.0/gems/actionpack-5.0.7.2/lib/action_dispatch/middleware/templates/routes/_route.html.erb [1 times] (1.7ms)
  Rendered /Users/lane/.rbenv/versions/2.5.1/lib/ruby/gems/2.5.0/gems/actionpack-5.0.7.2/lib/action_dispatch/middleware/templates/routes/_table.html.erb (26.5ms)
  Rendering /Users/lane/.rbenv/versions/2.5.1/lib/ruby/gems/2.5.0/gems/actionpack-5.0.7.2/lib/action_dispatch/middleware/templates/rescues/_request_and_response.html.erb
  Rendered /Users/lane/.rbenv/versions/2.5.1/lib/ruby/gems/2.5.0/gems/actionpack-5.0.7.2/lib/action_dispatch/middleware/templates/rescues/_request_and_response.html.erb (32.4ms)
  Rendered /Users/lane/.rbenv/versions/2.5.1/lib/ruby/gems/2.5.0/gems/actionpack-5.0.7.2/lib/action_dispatch/middleware/templates/rescues/routing_error.html.erb within rescues/layout (918.0ms)
Started GET "/" for ::1 at 2021-02-11 14:11:15 -0500
Processing by StaticPagesController#index as HTML
  Rendering static_pages/index.html.erb within layouts/application
  Rendered shared/_main_nav.html.erb (0.4ms)
  Rendered shared/_masthead.html.erb (0.3ms)
  Rendered shared/_sections_nav.html.erb (0.4ms)
  Rendered shared/_search_modal.html.erb (0.6ms)
  Rendered shared/_main_content.html.erb (0.4ms)
  Rendered static_pages/index.html.erb within layouts/application (119.9ms)
Completed 200 OK in 2073ms (Views: 2066.9ms | ActiveRecord: 0.0ms)


Started GET "/assets/application.self-252271d54051a92ca3eecc2c3c70f66b9b32fa3586a2ff61e21e08f7ccbb3ef7.css?body=1" for ::1 at 2021-02-11 14:11:17 -0500
Started GET "/assets/jquery.self-bd7ddd393353a8d2480a622e80342adf488fb6006d667e8b42e4c0073393abee.js?body=1" for ::1 at 2021-02-11 14:11:18 -0500
Started GET "/assets/jquery_ujs.self-784a997f6726036b1993eb2217c9cb558e1cbb801c6da88105588c56f13b466a.js?body=1" for ::1 at 2021-02-11 14:11:18 -0500
Started GET "/assets/components/sidebar.self-2a1277f850a6fa21e1a974ef5152f177ac05516477d5081d593bb137b3d6808b.js?body=1" for ::1 at 2021-02-11 14:11:18 -0500
Started GET "/assets/components/modal.self-52188644dbb47def5ee35ae02e69eb567ca9b664472357a8a5789dd39032a265.js?body=1" for ::1 at 2021-02-11 14:11:18 -0500
Started GET "/assets/application.self-f571b9db02bf4ed04c38a6a29072ac382f7d4f47db1fab9817aeadb0d8665235.js?body=1" for ::1 at 2021-02-11 14:11:18 -0500
Started GET "/assets/application.self-252271d54051a92ca3eecc2c3c70f66b9b32fa3586a2ff61e21e08f7ccbb3ef7.css?body=1&livereload=1613070783250" for ::1 at 2021-02-11 14:13:03 -0500
Started GET "/assets/application.self-252271d54051a92ca3eecc2c3c70f66b9b32fa3586a2ff61e21e08f7ccbb3ef7.css?body=1&livereload=1613070783253" for ::1 at 2021-02-11 14:13:03 -0500
Started GET "/assets/application.self-252271d54051a92ca3eecc2c3c70f66b9b32fa3586a2ff61e21e08f7ccbb3ef7.css?body=1&livereload=1613070940323" for ::1 at 2021-02-11 14:15:40 -0500
Started GET "/assets/application.self-252271d54051a92ca3eecc2c3c70f66b9b32fa3586a2ff61e21e08f7ccbb3ef7.css?body=1&livereload=1613070940330" for ::1 at 2021-02-11 14:15:40 -0500
Started GET "/assets/application.self-252271d54051a92ca3eecc2c3c70f66b9b32fa3586a2ff61e21e08f7ccbb3ef7.css?body=1&livereload=1613070946088" for ::1 at 2021-02-11 14:15:46 -0500
Started GET "/assets/application.self-252271d54051a92ca3eecc2c3c70f66b9b32fa3586a2ff61e21e08f7ccbb3ef7.css?body=1&livereload=1613070946086" for ::1 at 2021-02-11 14:15:46 -0500
Started GET "/assets/application.self-252271d54051a92ca3eecc2c3c70f66b9b32fa3586a2ff61e21e08f7ccbb3ef7.css?body=1&livereload=1613070951198" for ::1 at 2021-02-11 14:15:51 -0500
Started GET "/assets/application.self-252271d54051a92ca3eecc2c3c70f66b9b32fa3586a2ff61e21e08f7ccbb3ef7.css?body=1&livereload=1613070951202" for ::1 at 2021-02-11 14:15:51 -0500
Started GET "/assets/application.self-252271d54051a92ca3eecc2c3c70f66b9b32fa3586a2ff61e21e08f7ccbb3ef7.css?body=1&livereload=1613070973562" for ::1 at 2021-02-11 14:16:13 -0500
Started GET "/assets/application.self-252271d54051a92ca3eecc2c3c70f66b9b32fa3586a2ff61e21e08f7ccbb3ef7.css?body=1&livereload=1613070973564" for ::1 at 2021-02-11 14:16:13 -0500
Started GET "/assets/application.self-252271d54051a92ca3eecc2c3c70f66b9b32fa3586a2ff61e21e08f7ccbb3ef7.css?body=1&livereload=1613071022835" for ::1 at 2021-02-11 14:17:02 -0500
Started GET "/assets/application.self-252271d54051a92ca3eecc2c3c70f66b9b32fa3586a2ff61e21e08f7ccbb3ef7.css?body=1&livereload=1613071022837" for ::1 at 2021-02-11 14:17:02 -0500
Started GET "/assets/application.self-252271d54051a92ca3eecc2c3c70f66b9b32fa3586a2ff61e21e08f7ccbb3ef7.css?body=1&livereload=1613071126638" for ::1 at 2021-02-11 14:18:46 -0500
Started GET "/assets/application.self-252271d54051a92ca3eecc2c3c70f66b9b32fa3586a2ff61e21e08f7ccbb3ef7.css?body=1&livereload=1613071126641" for ::1 at 2021-02-11 14:18:46 -0500
Started GET "/assets/application.self-252271d54051a92ca3eecc2c3c70f66b9b32fa3586a2ff61e21e08f7ccbb3ef7.css?body=1&livereload=1613071151699" for ::1 at 2021-02-11 14:19:11 -0500
Started GET "/assets/application.self-252271d54051a92ca3eecc2c3c70f66b9b32fa3586a2ff61e21e08f7ccbb3ef7.css?body=1&livereload=1613071151697" for ::1 at 2021-02-11 14:19:11 -0500
Started GET "/assets/application.self-252271d54051a92ca3eecc2c3c70f66b9b32fa3586a2ff61e21e08f7ccbb3ef7.css?body=1&livereload=1613071178454" for ::1 at 2021-02-11 14:19:38 -0500
Started GET "/assets/application.self-252271d54051a92ca3eecc2c3c70f66b9b32fa3586a2ff61e21e08f7ccbb3ef7.css?body=1&livereload=1613071178456" for ::1 at 2021-02-11 14:19:38 -0500
Started GET "/assets/application.self-252271d54051a92ca3eecc2c3c70f66b9b32fa3586a2ff61e21e08f7ccbb3ef7.css?body=1&livereload=1613071193235" for ::1 at 2021-02-11 14:19:53 -0500
Started GET "/assets/application.self-252271d54051a92ca3eecc2c3c70f66b9b32fa3586a2ff61e21e08f7ccbb3ef7.css?body=1&livereload=1613071193239" for ::1 at 2021-02-11 14:19:53 -0500
Started GET "/assets/application.self-252271d54051a92ca3eecc2c3c70f66b9b32fa3586a2ff61e21e08f7ccbb3ef7.css?body=1&livereload=1613071210548" for ::1 at 2021-02-11 14:20:10 -0500
Started GET "/assets/application.self-252271d54051a92ca3eecc2c3c70f66b9b32fa3586a2ff61e21e08f7ccbb3ef7.css?body=1&livereload=1613071210549" for ::1 at 2021-02-11 14:20:10 -0500
Started GET "/" for ::1 at 2021-02-11 14:21:09 -0500
Processing by StaticPagesController#index as HTML
  Rendering static_pages/index.html.erb within layouts/application
  Rendered shared/_main_nav.html.erb (0.5ms)
  Rendered shared/_masthead.html.erb (1.1ms)
  Rendered shared/_sections_nav.html.erb (0.9ms)
  Rendered shared/_search_modal.html.erb (0.4ms)
  Rendered shared/_main_content.html.erb (0.9ms)
  Rendered static_pages/index.html.erb within layouts/application (71.2ms)
Completed 200 OK in 396ms (Views: 391.4ms | ActiveRecord: 0.0ms)


Started GET "/assets/application.self-ee5c0e8b198a22dab5d923ea1c9ef2bb00d311062a7cee13126fbac986e3d9d8.css?body=1" for ::1 at 2021-02-11 14:21:10 -0500
Started GET "/assets/application.self-ee5c0e8b198a22dab5d923ea1c9ef2bb00d311062a7cee13126fbac986e3d9d8.css?body=1&livereload=1613071283393" for ::1 at 2021-02-11 14:21:23 -0500
Started GET "/assets/application.self-ee5c0e8b198a22dab5d923ea1c9ef2bb00d311062a7cee13126fbac986e3d9d8.css?body=1&livereload=1613071283395" for ::1 at 2021-02-11 14:21:23 -0500
Started GET "/assets/application.self-ee5c0e8b198a22dab5d923ea1c9ef2bb00d311062a7cee13126fbac986e3d9d8.css?body=1&livereload=1613071324014" for ::1 at 2021-02-11 14:22:04 -0500
Started GET "/assets/application.self-ee5c0e8b198a22dab5d923ea1c9ef2bb00d311062a7cee13126fbac986e3d9d8.css?body=1&livereload=1613071324016" for ::1 at 2021-02-11 14:22:04 -0500
Started GET "/assets/application.self-ee5c0e8b198a22dab5d923ea1c9ef2bb00d311062a7cee13126fbac986e3d9d8.css?body=1&livereload=1613071339257" for ::1 at 2021-02-11 14:22:19 -0500
Started GET "/assets/application.self-ee5c0e8b198a22dab5d923ea1c9ef2bb00d311062a7cee13126fbac986e3d9d8.css?body=1&livereload=1613071339258" for ::1 at 2021-02-11 14:22:19 -0500
Started GET "/" for ::1 at 2021-02-11 14:22:50 -0500
Processing by StaticPagesController#index as HTML
  Rendering static_pages/index.html.erb within layouts/application
  Rendered shared/_main_nav.html.erb (0.5ms)
  Rendered shared/_masthead.html.erb (0.4ms)
  Rendered shared/_sections_nav.html.erb (0.3ms)
  Rendered shared/_search_modal.html.erb (0.4ms)
  Rendered shared/_main_content.html.erb (99.3ms)
  Rendered static_pages/index.html.erb within layouts/application (140.2ms)
Completed 200 OK in 291ms (Views: 255.9ms | ActiveRecord: 0.0ms)


Started GET "/assets/application.self-0f19e5d78fbee2c7de8c4fc907d7d98474bfb11d6bc3ee6b2943ae0a4a01f98e.css?body=1" for ::1 at 2021-02-11 14:22:50 -0500
Started GET "/" for ::1 at 2021-02-11 14:23:22 -0500
Processing by StaticPagesController#index as HTML
  Rendering static_pages/index.html.erb within layouts/application
  Rendered shared/_main_nav.html.erb (3.6ms)
  Rendered shared/_masthead.html.erb (0.4ms)
  Rendered shared/_sections_nav.html.erb (0.3ms)
  Rendered shared/_search_modal.html.erb (0.3ms)
  Rendered shared/_main_content.html.erb (1.3ms)
  Rendered static_pages/index.html.erb within layouts/application (75.4ms)
Completed 200 OK in 393ms (Views: 368.3ms | ActiveRecord: 0.0ms)


Started GET "/assets/application.self-0f19e5d78fbee2c7de8c4fc907d7d98474bfb11d6bc3ee6b2943ae0a4a01f98e.css?body=1&livereload=1613071449092" for ::1 at 2021-02-11 14:24:09 -0500
Started GET "/assets/application.self-0f19e5d78fbee2c7de8c4fc907d7d98474bfb11d6bc3ee6b2943ae0a4a01f98e.css?body=1&livereload=1613071449095" for ::1 at 2021-02-11 14:24:09 -0500
Started GET "/assets/application.self-0f19e5d78fbee2c7de8c4fc907d7d98474bfb11d6bc3ee6b2943ae0a4a01f98e.css?body=1&livereload=1613071481003" for ::1 at 2021-02-11 14:24:41 -0500
Started GET "/assets/application.self-0f19e5d78fbee2c7de8c4fc907d7d98474bfb11d6bc3ee6b2943ae0a4a01f98e.css?body=1&livereload=1613071481004" for ::1 at 2021-02-11 14:24:41 -0500
Started GET "/assets/application.self-0f19e5d78fbee2c7de8c4fc907d7d98474bfb11d6bc3ee6b2943ae0a4a01f98e.css?body=1&livereload=1613071500610" for ::1 at 2021-02-11 14:25:00 -0500
Started GET "/assets/application.self-0f19e5d78fbee2c7de8c4fc907d7d98474bfb11d6bc3ee6b2943ae0a4a01f98e.css?body=1&livereload=1613071500611" for ::1 at 2021-02-11 14:25:00 -0500
Started GET "/assets/application.self-0f19e5d78fbee2c7de8c4fc907d7d98474bfb11d6bc3ee6b2943ae0a4a01f98e.css?body=1&livereload=1613071538765" for ::1 at 2021-02-11 14:25:38 -0500
Started GET "/assets/application.self-0f19e5d78fbee2c7de8c4fc907d7d98474bfb11d6bc3ee6b2943ae0a4a01f98e.css?body=1&livereload=1613071538763" for ::1 at 2021-02-11 14:25:38 -0500
Started GET "/assets/application.self-0f19e5d78fbee2c7de8c4fc907d7d98474bfb11d6bc3ee6b2943ae0a4a01f98e.css?body=1&livereload=1613071598571" for ::1 at 2021-02-11 14:26:38 -0500
Started GET "/assets/application.self-0f19e5d78fbee2c7de8c4fc907d7d98474bfb11d6bc3ee6b2943ae0a4a01f98e.css?body=1&livereload=1613071598573" for ::1 at 2021-02-11 14:26:38 -0500
Started GET "/assets/application.self-0f19e5d78fbee2c7de8c4fc907d7d98474bfb11d6bc3ee6b2943ae0a4a01f98e.css?body=1&livereload=1613071604180" for ::1 at 2021-02-11 14:26:44 -0500
Started GET "/assets/application.self-0f19e5d78fbee2c7de8c4fc907d7d98474bfb11d6bc3ee6b2943ae0a4a01f98e.css?body=1&livereload=1613071604178" for ::1 at 2021-02-11 14:26:44 -0500
Started GET "/assets/application.self-0f19e5d78fbee2c7de8c4fc907d7d98474bfb11d6bc3ee6b2943ae0a4a01f98e.css?body=1&livereload=1613071624903" for ::1 at 2021-02-11 14:27:04 -0500
Started GET "/assets/application.self-0f19e5d78fbee2c7de8c4fc907d7d98474bfb11d6bc3ee6b2943ae0a4a01f98e.css?body=1&livereload=1613071624907" for ::1 at 2021-02-11 14:27:04 -0500
Started GET "/assets/application.self-0f19e5d78fbee2c7de8c4fc907d7d98474bfb11d6bc3ee6b2943ae0a4a01f98e.css?body=1&livereload=1613071632866" for ::1 at 2021-02-11 14:27:12 -0500
Started GET "/assets/application.self-0f19e5d78fbee2c7de8c4fc907d7d98474bfb11d6bc3ee6b2943ae0a4a01f98e.css?body=1&livereload=1613071632872" for ::1 at 2021-02-11 14:27:12 -0500
Started GET "/assets/application.self-0f19e5d78fbee2c7de8c4fc907d7d98474bfb11d6bc3ee6b2943ae0a4a01f98e.css?body=1&livereload=1613071678708" for ::1 at 2021-02-11 14:27:58 -0500
Started GET "/assets/application.self-0f19e5d78fbee2c7de8c4fc907d7d98474bfb11d6bc3ee6b2943ae0a4a01f98e.css?body=1&livereload=1613071678710" for ::1 at 2021-02-11 14:27:58 -0500
Started GET "/assets/application.self-0f19e5d78fbee2c7de8c4fc907d7d98474bfb11d6bc3ee6b2943ae0a4a01f98e.css?body=1&livereload=1613071694859" for ::1 at 2021-02-11 14:28:14 -0500
Started GET "/assets/application.self-0f19e5d78fbee2c7de8c4fc907d7d98474bfb11d6bc3ee6b2943ae0a4a01f98e.css?body=1&livereload=1613071694870" for ::1 at 2021-02-11 14:28:14 -0500
Started GET "/assets/application.self-0f19e5d78fbee2c7de8c4fc907d7d98474bfb11d6bc3ee6b2943ae0a4a01f98e.css?body=1&livereload=1613071711575" for ::1 at 2021-02-11 14:28:31 -0500
Started GET "/assets/application.self-0f19e5d78fbee2c7de8c4fc907d7d98474bfb11d6bc3ee6b2943ae0a4a01f98e.css?body=1&livereload=1613071711574" for ::1 at 2021-02-11 14:28:31 -0500
Started GET "/assets/application.self-0f19e5d78fbee2c7de8c4fc907d7d98474bfb11d6bc3ee6b2943ae0a4a01f98e.css?body=1&livereload=1613071735450" for ::1 at 2021-02-11 14:28:55 -0500
Started GET "/assets/application.self-0f19e5d78fbee2c7de8c4fc907d7d98474bfb11d6bc3ee6b2943ae0a4a01f98e.css?body=1&livereload=1613071735453" for ::1 at 2021-02-11 14:28:55 -0500
Started GET "/assets/application.self-0f19e5d78fbee2c7de8c4fc907d7d98474bfb11d6bc3ee6b2943ae0a4a01f98e.css?body=1&livereload=1613071822868" for ::1 at 2021-02-11 14:30:22 -0500
Started GET "/assets/application.self-0f19e5d78fbee2c7de8c4fc907d7d98474bfb11d6bc3ee6b2943ae0a4a01f98e.css?body=1&livereload=1613071822867" for ::1 at 2021-02-11 14:30:22 -0500
Started GET "/assets/application.self-0f19e5d78fbee2c7de8c4fc907d7d98474bfb11d6bc3ee6b2943ae0a4a01f98e.css?body=1&livereload=1613071868614" for ::1 at 2021-02-11 14:31:08 -0500
Started GET "/assets/application.self-0f19e5d78fbee2c7de8c4fc907d7d98474bfb11d6bc3ee6b2943ae0a4a01f98e.css?body=1&livereload=1613071868613" for ::1 at 2021-02-11 14:31:08 -0500
Started GET "/" for ::1 at 2021-02-11 14:31:13 -0500
Processing by StaticPagesController#index as HTML
  Rendering static_pages/index.html.erb within layouts/application
  Rendered shared/_main_nav.html.erb (0.5ms)
  Rendered shared/_masthead.html.erb (0.9ms)
  Rendered shared/_sections_nav.html.erb (0.8ms)
  Rendered shared/_search_modal.html.erb (0.8ms)
  Rendered shared/_main_content.html.erb (0.3ms)
  Rendered static_pages/index.html.erb within layouts/application (79.5ms)
Completed 200 OK in 199ms (Views: 180.8ms | ActiveRecord: 0.0ms)


Started GET "/assets/application.self-94896efb8876d186127fcb3b9b4f40f20b6980ce9bce85b1b5db4cc8e06a637e.css?body=1" for ::1 at 2021-02-11 14:31:13 -0500
Started GET "/assets/application.self-94896efb8876d186127fcb3b9b4f40f20b6980ce9bce85b1b5db4cc8e06a637e.css?body=1&livereload=1613071877960" for ::1 at 2021-02-11 14:31:17 -0500
Started GET "/assets/application.self-94896efb8876d186127fcb3b9b4f40f20b6980ce9bce85b1b5db4cc8e06a637e.css?body=1&livereload=1613071877962" for ::1 at 2021-02-11 14:31:17 -0500
Started GET "/assets/application.self-94896efb8876d186127fcb3b9b4f40f20b6980ce9bce85b1b5db4cc8e06a637e.css?body=1&livereload=1613071989869" for ::1 at 2021-02-11 14:33:09 -0500
Started GET "/assets/application.self-94896efb8876d186127fcb3b9b4f40f20b6980ce9bce85b1b5db4cc8e06a637e.css?body=1&livereload=1613071989870" for ::1 at 2021-02-11 14:33:09 -0500
Started GET "/assets/application.self-94896efb8876d186127fcb3b9b4f40f20b6980ce9bce85b1b5db4cc8e06a637e.css?body=1&livereload=1613072002472" for ::1 at 2021-02-11 14:33:22 -0500
Started GET "/assets/application.self-94896efb8876d186127fcb3b9b4f40f20b6980ce9bce85b1b5db4cc8e06a637e.css?body=1&livereload=1613072002475" for ::1 at 2021-02-11 14:33:22 -0500
Started GET "/" for ::1 at 2021-02-11 14:40:42 -0500
Processing by StaticPagesController#index as HTML
  Rendering static_pages/index.html.erb within layouts/application
  Rendered shared/_main_nav.html.erb (0.4ms)
  Rendered shared/_masthead.html.erb (0.5ms)
  Rendered shared/_sections_nav.html.erb (0.3ms)
  Rendered shared/_search_modal.html.erb (0.5ms)
  Rendered shared/_main_content.html.erb (5.0ms)
  Rendered static_pages/index.html.erb within layouts/application (88.5ms)
Completed 200 OK in 191ms (Views: 184.0ms | ActiveRecord: 0.0ms)


Started GET "/assets/application.self-e0634c85c32f15c2721ccbdd1b0bfa6bd3e955d7a7cb093516caad1ca40b9788.css?body=1" for ::1 at 2021-02-11 14:40:43 -0500
Started GET "/" for ::1 at 2021-02-11 14:40:55 -0500
Processing by StaticPagesController#index as HTML
  Rendering static_pages/index.html.erb within layouts/application
  Rendered shared/_main_nav.html.erb (0.6ms)
  Rendered shared/_masthead.html.erb (0.3ms)
  Rendered shared/_sections_nav.html.erb (0.4ms)
  Rendered shared/_search_modal.html.erb (0.5ms)
  Rendered shared/_main_content.html.erb (0.9ms)
  Rendered static_pages/index.html.erb within layouts/application (107.7ms)
Completed 200 OK in 585ms (Views: 563.2ms | ActiveRecord: 0.0ms)


Started GET "/" for ::1 at 2021-02-11 14:41:40 -0500
Processing by StaticPagesController#index as HTML
  Rendering static_pages/index.html.erb within layouts/application
  Rendered shared/_main_nav.html.erb (0.5ms)
  Rendered shared/_masthead.html.erb (39.3ms)
  Rendered shared/_sections_nav.html.erb (0.4ms)
  Rendered shared/_search_modal.html.erb (0.6ms)
  Rendered shared/_main_content.html.erb (0.3ms)
  Rendered static_pages/index.html.erb within layouts/application (130.6ms)
Completed 200 OK in 355ms (Views: 323.3ms | ActiveRecord: 0.0ms)


Started GET "/assets/AA_Times_Logo-e1718475fb0f0b8b1bc532d8879cc2e9c78f23b104b0c0989a179d78fc8747fa.png" for ::1 at 2021-02-11 14:41:42 -0500
Started GET "/" for ::1 at 2021-02-11 14:45:38 -0500
Processing by StaticPagesController#index as HTML
  Rendering static_pages/index.html.erb within layouts/application
  Rendered shared/_main_nav.html.erb (0.9ms)
  Rendered shared/_masthead.html.erb (6.3ms)
  Rendered shared/_sections_nav.html.erb (0.7ms)
  Rendered shared/_search_modal.html.erb (1.3ms)
  Rendered shared/_main_content.html.erb (0.3ms)
  Rendered static_pages/index.html.erb within layouts/application (136.5ms)
Completed 200 OK in 322ms (Views: 301.2ms | ActiveRecord: 0.0ms)


Started GET "/" for ::1 at 2021-02-11 14:45:42 -0500
Processing by StaticPagesController#index as HTML
  Rendering static_pages/index.html.erb within layouts/application
  Rendered shared/_main_nav.html.erb (0.5ms)
  Rendered shared/_masthead.html.erb (23.1ms)
  Rendered shared/_sections_nav.html.erb (1.5ms)
  Rendered shared/_search_modal.html.erb (0.6ms)
  Rendered shared/_main_content.html.erb (33.1ms)
  Rendered static_pages/index.html.erb within layouts/application (154.2ms)
Completed 200 OK in 947ms (Views: 931.5ms | ActiveRecord: 0.0ms)


Started GET "/" for ::1 at 2021-02-11 14:46:53 -0500
Processing by StaticPagesController#index as HTML
  Rendering static_pages/index.html.erb within layouts/application
  Rendered shared/_main_nav.html.erb (0.6ms)
  Rendered shared/_masthead.html.erb (50.4ms)
  Rendered shared/_sections_nav.html.erb (0.6ms)
  Rendered shared/_search_modal.html.erb (2.0ms)
  Rendered shared/_main_content.html.erb (0.4ms)
  Rendered static_pages/index.html.erb within layouts/application (736.0ms)
Completed 200 OK in 1002ms (Views: 969.2ms | ActiveRecord: 0.0ms)


Started GET "/assets/application.self-e0634c85c32f15c2721ccbdd1b0bfa6bd3e955d7a7cb093516caad1ca40b9788.css?body=1&livereload=1613072943809" for ::1 at 2021-02-11 14:49:03 -0500
Started GET "/assets/application.self-e0634c85c32f15c2721ccbdd1b0bfa6bd3e955d7a7cb093516caad1ca40b9788.css?body=1&livereload=1613072943811" for ::1 at 2021-02-11 14:49:03 -0500
Started GET "/assets/application.self-e0634c85c32f15c2721ccbdd1b0bfa6bd3e955d7a7cb093516caad1ca40b9788.css?body=1&livereload=1613072975739" for ::1 at 2021-02-11 14:49:35 -0500
Started GET "/assets/application.self-e0634c85c32f15c2721ccbdd1b0bfa6bd3e955d7a7cb093516caad1ca40b9788.css?body=1&livereload=1613072975741" for ::1 at 2021-02-11 14:49:35 -0500
Started GET "/assets/application.self-e0634c85c32f15c2721ccbdd1b0bfa6bd3e955d7a7cb093516caad1ca40b9788.css?body=1&livereload=1613073063314" for ::1 at 2021-02-11 14:51:03 -0500
Started GET "/assets/application.self-e0634c85c32f15c2721ccbdd1b0bfa6bd3e955d7a7cb093516caad1ca40b9788.css?body=1&livereload=1613073063315" for ::1 at 2021-02-11 14:51:03 -0500
Started GET "/assets/application.self-e0634c85c32f15c2721ccbdd1b0bfa6bd3e955d7a7cb093516caad1ca40b9788.css?body=1&livereload=1613073145765" for ::1 at 2021-02-11 14:52:25 -0500
Started GET "/assets/application.self-e0634c85c32f15c2721ccbdd1b0bfa6bd3e955d7a7cb093516caad1ca40b9788.css?body=1&livereload=1613073145766" for ::1 at 2021-02-11 14:52:25 -0500
Started GET "/assets/application.self-e0634c85c32f15c2721ccbdd1b0bfa6bd3e955d7a7cb093516caad1ca40b9788.css?body=1&livereload=1613073152665" for ::1 at 2021-02-11 14:52:32 -0500
Started GET "/assets/application.self-e0634c85c32f15c2721ccbdd1b0bfa6bd3e955d7a7cb093516caad1ca40b9788.css?body=1&livereload=1613073152669" for ::1 at 2021-02-11 14:52:32 -0500
Started GET "/assets/application.self-e0634c85c32f15c2721ccbdd1b0bfa6bd3e955d7a7cb093516caad1ca40b9788.css?body=1&livereload=1613073209671" for ::1 at 2021-02-11 14:53:29 -0500
Started GET "/assets/application.self-e0634c85c32f15c2721ccbdd1b0bfa6bd3e955d7a7cb093516caad1ca40b9788.css?body=1&livereload=1613073209672" for ::1 at 2021-02-11 14:53:29 -0500
Started GET "/assets/application.self-e0634c85c32f15c2721ccbdd1b0bfa6bd3e955d7a7cb093516caad1ca40b9788.css?body=1&livereload=1613073278140" for ::1 at 2021-02-11 14:54:38 -0500
Started GET "/assets/application.self-e0634c85c32f15c2721ccbdd1b0bfa6bd3e955d7a7cb093516caad1ca40b9788.css?body=1&livereload=1613073278142" for ::1 at 2021-02-11 14:54:38 -0500
Started GET "/assets/application.self-e0634c85c32f15c2721ccbdd1b0bfa6bd3e955d7a7cb093516caad1ca40b9788.css?body=1&livereload=1613073290317" for ::1 at 2021-02-11 14:54:50 -0500
Started GET "/assets/application.self-e0634c85c32f15c2721ccbdd1b0bfa6bd3e955d7a7cb093516caad1ca40b9788.css?body=1&livereload=1613073290320" for ::1 at 2021-02-11 14:54:50 -0500
Started GET "/assets/application.self-e0634c85c32f15c2721ccbdd1b0bfa6bd3e955d7a7cb093516caad1ca40b9788.css?body=1&livereload=1613073329368" for ::1 at 2021-02-11 14:55:29 -0500
Started GET "/assets/application.self-e0634c85c32f15c2721ccbdd1b0bfa6bd3e955d7a7cb093516caad1ca40b9788.css?body=1&livereload=1613073329369" for ::1 at 2021-02-11 14:55:29 -0500
Started GET "/assets/application.self-e0634c85c32f15c2721ccbdd1b0bfa6bd3e955d7a7cb093516caad1ca40b9788.css?body=1&livereload=1613073385029" for ::1 at 2021-02-11 14:56:25 -0500
Started GET "/assets/application.self-e0634c85c32f15c2721ccbdd1b0bfa6bd3e955d7a7cb093516caad1ca40b9788.css?body=1&livereload=1613073385028" for ::1 at 2021-02-11 14:56:25 -0500
Started GET "/" for ::1 at 2021-02-11 16:04:53 -0500
DEPRECATION WARNING: ActiveRecord::Base.raise_in_transactional_callbacks= is deprecated, has no effect and will be removed without replacement. (called from block (3 levels) in <class:Railtie> at /Users/lane/.rbenv/versions/2.5.1/lib/ruby/gems/2.5.0/gems/activerecord-5.0.7.2/lib/active_record/railtie.rb:113)
Processing by StaticPagesController#index as HTML
  Rendering static_pages/index.html.erb within layouts/application
  Rendered shared/_gear_dropdown.html.erb (0.3ms)
  Rendered shared/_main_nav.html.erb (13.0ms)
  Rendered shared/_masthead.html.erb (2278.1ms)
  Rendered shared/_sections_nav.html.erb (1.0ms)
  Rendered shared/_search_modal.html.erb (1.0ms)
  Rendered shared/_main_content.html.erb (0.3ms)
  Rendered static_pages/index.html.erb within layouts/application (2618.7ms)
Completed 200 OK in 3004ms (Views: 2959.1ms | ActiveRecord: 0.0ms)


Started GET "/assets/application.self-c1b837c9537b2fa58cbe9336484d84f3b2d8052eae7cb82d201097604cd740a9.css?body=1" for ::1 at 2021-02-11 16:04:57 -0500
Started GET "/assets/application.self-c1b837c9537b2fa58cbe9336484d84f3b2d8052eae7cb82d201097604cd740a9.css?body=1&livereload=1613077510551" for ::1 at 2021-02-11 16:05:10 -0500
Started GET "/assets/application.self-c1b837c9537b2fa58cbe9336484d84f3b2d8052eae7cb82d201097604cd740a9.css?body=1&livereload=1613077510549" for ::1 at 2021-02-11 16:05:10 -0500
Started GET "/assets/application.self-c1b837c9537b2fa58cbe9336484d84f3b2d8052eae7cb82d201097604cd740a9.css?body=1&livereload=1613077562158" for ::1 at 2021-02-11 16:06:02 -0500
Started GET "/assets/application.self-c1b837c9537b2fa58cbe9336484d84f3b2d8052eae7cb82d201097604cd740a9.css?body=1&livereload=1613077562160" for ::1 at 2021-02-11 16:06:02 -0500
Started GET "/assets/application.self-c1b837c9537b2fa58cbe9336484d84f3b2d8052eae7cb82d201097604cd740a9.css?body=1&livereload=1613077577125" for ::1 at 2021-02-11 16:06:17 -0500
Started GET "/assets/application.self-c1b837c9537b2fa58cbe9336484d84f3b2d8052eae7cb82d201097604cd740a9.css?body=1&livereload=1613077577128" for ::1 at 2021-02-11 16:06:17 -0500
Started GET "/assets/application.self-c1b837c9537b2fa58cbe9336484d84f3b2d8052eae7cb82d201097604cd740a9.css?body=1&livereload=1613077601242" for ::1 at 2021-02-11 16:06:41 -0500
Started GET "/assets/application.self-c1b837c9537b2fa58cbe9336484d84f3b2d8052eae7cb82d201097604cd740a9.css?body=1&livereload=1613077601244" for ::1 at 2021-02-11 16:06:41 -0500
Started GET "/assets/application.self-c1b837c9537b2fa58cbe9336484d84f3b2d8052eae7cb82d201097604cd740a9.css?body=1&livereload=1613077613421" for ::1 at 2021-02-11 16:06:53 -0500
Started GET "/assets/application.self-c1b837c9537b2fa58cbe9336484d84f3b2d8052eae7cb82d201097604cd740a9.css?body=1&livereload=1613077613422" for ::1 at 2021-02-11 16:06:53 -0500
Started GET "/assets/application.self-c1b837c9537b2fa58cbe9336484d84f3b2d8052eae7cb82d201097604cd740a9.css?body=1&livereload=1613077624407" for ::1 at 2021-02-11 16:07:04 -0500
Started GET "/assets/application.self-c1b837c9537b2fa58cbe9336484d84f3b2d8052eae7cb82d201097604cd740a9.css?body=1&livereload=1613077624408" for ::1 at 2021-02-11 16:07:04 -0500
Started GET "/assets/application.self-c1b837c9537b2fa58cbe9336484d84f3b2d8052eae7cb82d201097604cd740a9.css?body=1&livereload=1613077682621" for ::1 at 2021-02-11 16:08:02 -0500
Started GET "/assets/application.self-c1b837c9537b2fa58cbe9336484d84f3b2d8052eae7cb82d201097604cd740a9.css?body=1&livereload=1613077682625" for ::1 at 2021-02-11 16:08:02 -0500
Started GET "/assets/application.self-c1b837c9537b2fa58cbe9336484d84f3b2d8052eae7cb82d201097604cd740a9.css?body=1&livereload=1613077744515" for ::1 at 2021-02-11 16:09:04 -0500
Started GET "/assets/application.self-c1b837c9537b2fa58cbe9336484d84f3b2d8052eae7cb82d201097604cd740a9.css?body=1&livereload=1613077744516" for ::1 at 2021-02-11 16:09:04 -0500
Started GET "/assets/application.self-c1b837c9537b2fa58cbe9336484d84f3b2d8052eae7cb82d201097604cd740a9.css?body=1&livereload=1613077751414" for ::1 at 2021-02-11 16:09:11 -0500
Started GET "/assets/application.self-c1b837c9537b2fa58cbe9336484d84f3b2d8052eae7cb82d201097604cd740a9.css?body=1&livereload=1613077751415" for ::1 at 2021-02-11 16:09:11 -0500
Started GET "/assets/application.self-c1b837c9537b2fa58cbe9336484d84f3b2d8052eae7cb82d201097604cd740a9.css?body=1&livereload=1613077786414" for ::1 at 2021-02-11 16:09:46 -0500
Started GET "/assets/application.self-c1b837c9537b2fa58cbe9336484d84f3b2d8052eae7cb82d201097604cd740a9.css?body=1&livereload=1613077786416" for ::1 at 2021-02-11 16:09:46 -0500
Started GET "/assets/application.self-c1b837c9537b2fa58cbe9336484d84f3b2d8052eae7cb82d201097604cd740a9.css?body=1&livereload=1613077795885" for ::1 at 2021-02-11 16:09:55 -0500
Started GET "/assets/application.self-c1b837c9537b2fa58cbe9336484d84f3b2d8052eae7cb82d201097604cd740a9.css?body=1&livereload=1613077795886" for ::1 at 2021-02-11 16:09:55 -0500
Started GET "/" for ::1 at 2021-02-11 16:10:01 -0500
Processing by StaticPagesController#index as HTML
  Rendering static_pages/index.html.erb within layouts/application
  Rendered shared/_gear_dropdown.html.erb (0.6ms)
  Rendered shared/_main_nav.html.erb (15.6ms)
  Rendered shared/_masthead.html.erb (7.2ms)
  Rendered shared/_sections_nav.html.erb (4.8ms)
  Rendered shared/_search_modal.html.erb (0.4ms)
  Rendered shared/_main_content.html.erb (0.4ms)
  Rendered static_pages/index.html.erb within layouts/application (163.1ms)
Completed 200 OK in 327ms (Views: 309.3ms | ActiveRecord: 0.0ms)


Started GET "/assets/application.self-d5f4b9f905d70a4c88d5ec701735cebca973602d65e5af5091f6a98f59f517bc.css?body=1" for ::1 at 2021-02-11 16:10:02 -0500
Started GET "/assets/application.self-d5f4b9f905d70a4c88d5ec701735cebca973602d65e5af5091f6a98f59f517bc.css?body=1&livereload=1613077917460" for ::1 at 2021-02-11 16:11:57 -0500
Started GET "/assets/application.self-d5f4b9f905d70a4c88d5ec701735cebca973602d65e5af5091f6a98f59f517bc.css?body=1&livereload=1613077917463" for ::1 at 2021-02-11 16:11:57 -0500
Started GET "/" for ::1 at 2021-02-11 16:12:13 -0500
Processing by StaticPagesController#index as HTML
  Rendering static_pages/index.html.erb within layouts/application
  Rendered shared/_gear_dropdown.html.erb (1.5ms)
  Rendered shared/_main_nav.html.erb (24.2ms)
  Rendered shared/_masthead.html.erb (16.9ms)
  Rendered shared/_sections_nav.html.erb (0.7ms)
  Rendered shared/_search_modal.html.erb (1.0ms)
  Rendered shared/_main_content.html.erb (0.3ms)
  Rendered static_pages/index.html.erb within layouts/application (104.9ms)
Completed 200 OK in 673ms (Views: 652.7ms | ActiveRecord: 0.0ms)


Started GET "/assets/application.self-b3c1ef82993d044773b22d4c277f83917b316a6e229d4eb58634c2d306c32bb5.css?body=1" for ::1 at 2021-02-11 16:12:14 -0500
Started GET "/assets/application.self-b3c1ef82993d044773b22d4c277f83917b316a6e229d4eb58634c2d306c32bb5.css?body=1&livereload=1613077955981" for ::1 at 2021-02-11 16:12:36 -0500
Started GET "/assets/application.self-b3c1ef82993d044773b22d4c277f83917b316a6e229d4eb58634c2d306c32bb5.css?body=1&livereload=1613077955985" for ::1 at 2021-02-11 16:12:36 -0500
Started GET "/assets/application.self-b3c1ef82993d044773b22d4c277f83917b316a6e229d4eb58634c2d306c32bb5.css?body=1&livereload=1613077963136" for ::1 at 2021-02-11 16:12:43 -0500
Started GET "/assets/application.self-b3c1ef82993d044773b22d4c277f83917b316a6e229d4eb58634c2d306c32bb5.css?body=1&livereload=1613077963135" for ::1 at 2021-02-11 16:12:43 -0500
Started GET "/assets/application.self-b3c1ef82993d044773b22d4c277f83917b316a6e229d4eb58634c2d306c32bb5.css?body=1&livereload=1613077967880" for ::1 at 2021-02-11 16:12:47 -0500
Started GET "/assets/application.self-b3c1ef82993d044773b22d4c277f83917b316a6e229d4eb58634c2d306c32bb5.css?body=1&livereload=1613077967882" for ::1 at 2021-02-11 16:12:47 -0500
Started GET "/assets/application.self-b3c1ef82993d044773b22d4c277f83917b316a6e229d4eb58634c2d306c32bb5.css?body=1&livereload=1613078013348" for ::1 at 2021-02-11 16:13:33 -0500
Started GET "/assets/application.self-b3c1ef82993d044773b22d4c277f83917b316a6e229d4eb58634c2d306c32bb5.css?body=1&livereload=1613078013345" for ::1 at 2021-02-11 16:13:33 -0500
Started GET "/assets/application.self-b3c1ef82993d044773b22d4c277f83917b316a6e229d4eb58634c2d306c32bb5.css?body=1&livereload=1613078096730" for ::1 at 2021-02-11 16:14:56 -0500
Started GET "/assets/application.self-b3c1ef82993d044773b22d4c277f83917b316a6e229d4eb58634c2d306c32bb5.css?body=1&livereload=1613078096739" for ::1 at 2021-02-11 16:14:56 -0500
Started GET "/assets/application.self-b3c1ef82993d044773b22d4c277f83917b316a6e229d4eb58634c2d306c32bb5.css?body=1&livereload=1613078116353" for ::1 at 2021-02-11 16:15:16 -0500
Started GET "/assets/application.self-b3c1ef82993d044773b22d4c277f83917b316a6e229d4eb58634c2d306c32bb5.css?body=1&livereload=1613078116348" for ::1 at 2021-02-11 16:15:16 -0500
Started GET "/" for ::1 at 2021-02-11 16:15:19 -0500
Processing by StaticPagesController#index as HTML
  Rendering static_pages/index.html.erb within layouts/application
  Rendered shared/_gear_dropdown.html.erb (8.5ms)
  Rendered shared/_main_nav.html.erb (16.5ms)
  Rendered shared/_masthead.html.erb (2.7ms)
  Rendered shared/_sections_nav.html.erb (1.0ms)
  Rendered shared/_search_modal.html.erb (1.7ms)
  Rendered shared/_main_content.html.erb (3.1ms)
  Rendered static_pages/index.html.erb within layouts/application (132.6ms)
Completed 200 OK in 317ms (Views: 309.2ms | ActiveRecord: 0.0ms)


Started GET "/assets/application.self-c0bcef3b5a5e4ced6f54701f16ca331948eac3dd56d77bc1a7a9c2c992e269e7.css?body=1" for ::1 at 2021-02-11 16:15:20 -0500
Started GET "/assets/application.self-c0bcef3b5a5e4ced6f54701f16ca331948eac3dd56d77bc1a7a9c2c992e269e7.css?body=1&livereload=1613078204360" for ::1 at 2021-02-11 16:16:44 -0500
Started GET "/assets/application.self-c0bcef3b5a5e4ced6f54701f16ca331948eac3dd56d77bc1a7a9c2c992e269e7.css?body=1&livereload=1613078204363" for ::1 at 2021-02-11 16:16:44 -0500
Started GET "/" for ::1 at 2021-02-11 16:16:58 -0500
Processing by StaticPagesController#index as HTML
  Rendering static_pages/index.html.erb within layouts/application
  Rendered shared/_gear_dropdown.html.erb (1.3ms)
  Rendered shared/_main_nav.html.erb (29.8ms)
  Rendered shared/_masthead.html.erb (9.2ms)
  Rendered shared/_sections_nav.html.erb (8.5ms)
  Rendered shared/_search_modal.html.erb (0.4ms)
  Rendered shared/_main_content.html.erb (0.5ms)
  Rendered static_pages/index.html.erb within layouts/application (170.3ms)
Completed 200 OK in 571ms (Views: 567.8ms | ActiveRecord: 0.0ms)


Started GET "/assets/application.self-860f5b5d3a371d3c5e0cc6ab316d7102b41bb61f1a9f30acc5ee999310d6b5b9.css?body=1" for ::1 at 2021-02-11 16:16:59 -0500
Started GET "/" for ::1 at 2021-02-11 16:17:13 -0500
Processing by StaticPagesController#index as HTML
  Rendering static_pages/index.html.erb within layouts/application
  Rendered shared/_gear_dropdown.html.erb (0.4ms)
  Rendered shared/_main_nav.html.erb (6.2ms)
  Rendered shared/_masthead.html.erb (2.8ms)
  Rendered shared/_sections_nav.html.erb (1.1ms)
  Rendered shared/_search_modal.html.erb (0.3ms)
  Rendered shared/_main_content.html.erb (115.6ms)
  Rendered static_pages/index.html.erb within layouts/application (172.7ms)
Completed 200 OK in 341ms (Views: 317.8ms | ActiveRecord: 0.0ms)


Started GET "/" for ::1 at 2021-02-11 16:17:20 -0500
Processing by StaticPagesController#index as HTML
  Rendering static_pages/index.html.erb within layouts/application
  Rendered shared/_gear_dropdown.html.erb (1.0ms)
  Rendered shared/_main_nav.html.erb (10.2ms)
  Rendered shared/_masthead.html.erb (2.4ms)
  Rendered shared/_sections_nav.html.erb (35.3ms)
  Rendered shared/_search_modal.html.erb (0.7ms)
  Rendered shared/_main_content.html.erb (0.4ms)
  Rendered static_pages/index.html.erb within layouts/application (161.6ms)
Completed 200 OK in 301ms (Views: 291.0ms | ActiveRecord: 0.0ms)


Started GET "/assets/application.self-860f5b5d3a371d3c5e0cc6ab316d7102b41bb61f1a9f30acc5ee999310d6b5b9.css?body=1&livereload=1613078264325" for ::1 at 2021-02-11 16:17:44 -0500
Started GET "/assets/application.self-860f5b5d3a371d3c5e0cc6ab316d7102b41bb61f1a9f30acc5ee999310d6b5b9.css?body=1&livereload=1613078264328" for ::1 at 2021-02-11 16:17:44 -0500
Started GET "/assets/application.self-860f5b5d3a371d3c5e0cc6ab316d7102b41bb61f1a9f30acc5ee999310d6b5b9.css?body=1&livereload=1613078298428" for ::1 at 2021-02-11 16:18:18 -0500
Started GET "/assets/application.self-860f5b5d3a371d3c5e0cc6ab316d7102b41bb61f1a9f30acc5ee999310d6b5b9.css?body=1&livereload=1613078298429" for ::1 at 2021-02-11 16:18:18 -0500
Started GET "/assets/application.self-860f5b5d3a371d3c5e0cc6ab316d7102b41bb61f1a9f30acc5ee999310d6b5b9.css?body=1&livereload=1613078322416" for ::1 at 2021-02-11 16:18:42 -0500
Started GET "/assets/application.self-860f5b5d3a371d3c5e0cc6ab316d7102b41bb61f1a9f30acc5ee999310d6b5b9.css?body=1&livereload=1613078322430" for ::1 at 2021-02-11 16:18:42 -0500
Started GET "/assets/application.self-860f5b5d3a371d3c5e0cc6ab316d7102b41bb61f1a9f30acc5ee999310d6b5b9.css?body=1&livereload=1613078341030" for ::1 at 2021-02-11 16:19:01 -0500
Started GET "/assets/application.self-860f5b5d3a371d3c5e0cc6ab316d7102b41bb61f1a9f30acc5ee999310d6b5b9.css?body=1&livereload=1613078341031" for ::1 at 2021-02-11 16:19:01 -0500
Started GET "/assets/application.self-860f5b5d3a371d3c5e0cc6ab316d7102b41bb61f1a9f30acc5ee999310d6b5b9.css?body=1&livereload=1613078360990" for ::1 at 2021-02-11 16:19:21 -0500
Started GET "/assets/application.self-860f5b5d3a371d3c5e0cc6ab316d7102b41bb61f1a9f30acc5ee999310d6b5b9.css?body=1&livereload=1613078360985" for ::1 at 2021-02-11 16:19:21 -0500
Started GET "/" for ::1 at 2021-02-11 16:19:23 -0500
Processing by StaticPagesController#index as HTML
  Rendering static_pages/index.html.erb within layouts/application
  Rendered shared/_gear_dropdown.html.erb (0.3ms)
  Rendered shared/_main_nav.html.erb (77.3ms)
  Rendered shared/_masthead.html.erb (6.6ms)
  Rendered shared/_sections_nav.html.erb (0.7ms)
  Rendered shared/_search_modal.html.erb (0.2ms)
  Rendered shared/_main_content.html.erb (0.6ms)
  Rendered static_pages/index.html.erb within layouts/application (207.0ms)
Completed 200 OK in 391ms (Views: 377.1ms | ActiveRecord: 0.0ms)


Started GET "/assets/application.self-f6ada1b2f251b0edfd1e0859658c5742275c67f69cf542bb6fffdeed075a939f.css?body=1" for ::1 at 2021-02-11 16:19:23 -0500
Started GET "/assets/application.self-f6ada1b2f251b0edfd1e0859658c5742275c67f69cf542bb6fffdeed075a939f.css?body=1&livereload=1613078397091" for ::1 at 2021-02-11 16:19:57 -0500
Started GET "/assets/application.self-f6ada1b2f251b0edfd1e0859658c5742275c67f69cf542bb6fffdeed075a939f.css?body=1&livereload=1613078397212" for ::1 at 2021-02-11 16:19:57 -0500
Started GET "/assets/application.self-f6ada1b2f251b0edfd1e0859658c5742275c67f69cf542bb6fffdeed075a939f.css?body=1&livereload=1613078465334" for ::1 at 2021-02-11 16:21:05 -0500
Started GET "/assets/application.self-f6ada1b2f251b0edfd1e0859658c5742275c67f69cf542bb6fffdeed075a939f.css?body=1&livereload=1613078465330" for ::1 at 2021-02-11 16:21:05 -0500
Started GET "/" for ::1 at 2021-02-11 16:21:11 -0500
Processing by StaticPagesController#index as HTML
  Rendering static_pages/index.html.erb within layouts/application
  Rendered shared/_gear_dropdown.html.erb (0.4ms)
  Rendered shared/_main_nav.html.erb (8.9ms)
  Rendered shared/_masthead.html.erb (5.1ms)
  Rendered shared/_sections_nav.html.erb (0.7ms)
  Rendered shared/_search_modal.html.erb (0.5ms)
  Rendered shared/_main_content.html.erb (6.8ms)
  Rendered static_pages/index.html.erb within layouts/application (110.1ms)
Completed 200 OK in 278ms (Views: 260.7ms | ActiveRecord: 0.0ms)


Started GET "/assets/application.self-bbe732597f3b1c362d7a73dd944f8f971f5e66918a4b72b1ab1520c6a36a812c.css?body=1" for ::1 at 2021-02-11 16:21:12 -0500
Started GET "/assets/application.self-bbe732597f3b1c362d7a73dd944f8f971f5e66918a4b72b1ab1520c6a36a812c.css?body=1&livereload=1613078489036" for ::1 at 2021-02-11 16:21:29 -0500
Started GET "/assets/application.self-bbe732597f3b1c362d7a73dd944f8f971f5e66918a4b72b1ab1520c6a36a812c.css?body=1&livereload=1613078489039" for ::1 at 2021-02-11 16:21:29 -0500
Started GET "/assets/application.self-bbe732597f3b1c362d7a73dd944f8f971f5e66918a4b72b1ab1520c6a36a812c.css?body=1&livereload=1613078499535" for ::1 at 2021-02-11 16:21:39 -0500
Started GET "/assets/application.self-bbe732597f3b1c362d7a73dd944f8f971f5e66918a4b72b1ab1520c6a36a812c.css?body=1&livereload=1613078499533" for ::1 at 2021-02-11 16:21:39 -0500
Started GET "/assets/application.self-bbe732597f3b1c362d7a73dd944f8f971f5e66918a4b72b1ab1520c6a36a812c.css?body=1&livereload=1613078503294" for ::1 at 2021-02-11 16:21:43 -0500
Started GET "/assets/application.self-bbe732597f3b1c362d7a73dd944f8f971f5e66918a4b72b1ab1520c6a36a812c.css?body=1&livereload=1613078503296" for ::1 at 2021-02-11 16:21:43 -0500
Started GET "/assets/application.self-bbe732597f3b1c362d7a73dd944f8f971f5e66918a4b72b1ab1520c6a36a812c.css?body=1&livereload=1613078524512" for ::1 at 2021-02-11 16:22:04 -0500
Started GET "/assets/application.self-bbe732597f3b1c362d7a73dd944f8f971f5e66918a4b72b1ab1520c6a36a812c.css?body=1&livereload=1613078524513" for ::1 at 2021-02-11 16:22:04 -0500
Started GET "/assets/application.self-bbe732597f3b1c362d7a73dd944f8f971f5e66918a4b72b1ab1520c6a36a812c.css?body=1&livereload=1613078586227" for ::1 at 2021-02-11 16:23:06 -0500
Started GET "/assets/application.self-bbe732597f3b1c362d7a73dd944f8f971f5e66918a4b72b1ab1520c6a36a812c.css?body=1&livereload=1613078586229" for ::1 at 2021-02-11 16:23:06 -0500
Started GET "/" for ::1 at 2021-02-11 16:23:14 -0500
Processing by StaticPagesController#index as HTML
  Rendering static_pages/index.html.erb within layouts/application
  Rendered shared/_gear_dropdown.html.erb (0.6ms)
  Rendered shared/_main_nav.html.erb (38.5ms)
  Rendered shared/_masthead.html.erb (11.3ms)
  Rendered shared/_sections_nav.html.erb (1.4ms)
  Rendered shared/_search_modal.html.erb (1.6ms)
  Rendered shared/_main_content.html.erb (0.7ms)
  Rendered static_pages/index.html.erb within layouts/application (164.4ms)
Completed 200 OK in 281ms (Views: 270.8ms | ActiveRecord: 0.0ms)


Started GET "/assets/application.self-31839ddfbb00c582b302e49341c8c033ad538e6645aef1c2477f939ef9677e26.css?body=1" for ::1 at 2021-02-11 16:23:15 -0500
Started GET "/assets/application.self-31839ddfbb00c582b302e49341c8c033ad538e6645aef1c2477f939ef9677e26.css?body=1&livereload=1613078641816" for ::1 at 2021-02-11 16:24:01 -0500
Started GET "/assets/application.self-31839ddfbb00c582b302e49341c8c033ad538e6645aef1c2477f939ef9677e26.css?body=1&livereload=1613078641818" for ::1 at 2021-02-11 16:24:01 -0500
Started GET "/assets/application.self-31839ddfbb00c582b302e49341c8c033ad538e6645aef1c2477f939ef9677e26.css?body=1&livereload=1613078648120" for ::1 at 2021-02-11 16:24:08 -0500
Started GET "/assets/application.self-31839ddfbb00c582b302e49341c8c033ad538e6645aef1c2477f939ef9677e26.css?body=1&livereload=1613078648118" for ::1 at 2021-02-11 16:24:08 -0500
Started GET "/assets/application.self-31839ddfbb00c582b302e49341c8c033ad538e6645aef1c2477f939ef9677e26.css?body=1&livereload=1613078663005" for ::1 at 2021-02-11 16:24:23 -0500
Started GET "/assets/application.self-31839ddfbb00c582b302e49341c8c033ad538e6645aef1c2477f939ef9677e26.css?body=1&livereload=1613078663008" for ::1 at 2021-02-11 16:24:23 -0500
Started GET "/" for ::1 at 2021-02-11 16:24:31 -0500
Processing by StaticPagesController#index as HTML
  Rendering static_pages/index.html.erb within layouts/application
  Rendered shared/_gear_dropdown.html.erb (1.2ms)
  Rendered shared/_main_nav.html.erb (35.2ms)
  Rendered shared/_masthead.html.erb (11.9ms)
  Rendered shared/_sections_nav.html.erb (1.0ms)
  Rendered shared/_search_modal.html.erb (0.3ms)
  Rendered shared/_main_content.html.erb (0.5ms)
  Rendered static_pages/index.html.erb within layouts/application (142.6ms)
Completed 200 OK in 387ms (Views: 378.9ms | ActiveRecord: 0.0ms)


Started GET "/assets/application.self-17e083f553eba3ccf187761125ca0165bacc71bf21ac7fdc272e15580c2f8e88.css?body=1" for ::1 at 2021-02-11 16:24:32 -0500
Started GET "/assets/application.self-17e083f553eba3ccf187761125ca0165bacc71bf21ac7fdc272e15580c2f8e88.css?body=1&livereload=1613078784434" for ::1 at 2021-02-11 16:26:24 -0500
Started GET "/assets/application.self-17e083f553eba3ccf187761125ca0165bacc71bf21ac7fdc272e15580c2f8e88.css?body=1&livereload=1613078784437" for ::1 at 2021-02-11 16:26:24 -0500
Started GET "/assets/application.self-17e083f553eba3ccf187761125ca0165bacc71bf21ac7fdc272e15580c2f8e88.css?body=1&livereload=1613078796254" for ::1 at 2021-02-11 16:26:36 -0500
Started GET "/assets/application.self-17e083f553eba3ccf187761125ca0165bacc71bf21ac7fdc272e15580c2f8e88.css?body=1&livereload=1613078796253" for ::1 at 2021-02-11 16:26:36 -0500
Started GET "/" for ::1 at 2021-02-11 16:26:37 -0500
Processing by StaticPagesController#index as HTML
  Rendering static_pages/index.html.erb within layouts/application
  Rendered shared/_gear_dropdown.html.erb (0.5ms)
  Rendered shared/_main_nav.html.erb (17.5ms)
  Rendered shared/_masthead.html.erb (8.0ms)
  Rendered shared/_sections_nav.html.erb (17.5ms)
  Rendered shared/_search_modal.html.erb (0.3ms)
  Rendered shared/_main_content.html.erb (6.8ms)
  Rendered static_pages/index.html.erb within layouts/application (157.3ms)
Completed 500 Internal Server Error in 320ms (ActiveRecord: 0.0ms)



Sass::SyntaxError - Invalid CSS after "  padding-bottom": expected ";", was ": 10px;":
  app/views/layouts/application.html.erb:7:in `_app_views_layouts_application_html_erb__2167783053057237088_70100216339440'

Started POST "/__better_errors/a875eadda22ef618/variables" for ::1 at 2021-02-11 16:26:40 -0500
Started GET "/" for ::1 at 2021-02-11 16:26:44 -0500
Processing by StaticPagesController#index as HTML
  Rendering static_pages/index.html.erb within layouts/application
  Rendered shared/_gear_dropdown.html.erb (0.4ms)
  Rendered shared/_main_nav.html.erb (16.9ms)
  Rendered shared/_masthead.html.erb (3.2ms)
  Rendered shared/_sections_nav.html.erb (11.3ms)
  Rendered shared/_search_modal.html.erb (0.4ms)
  Rendered shared/_main_content.html.erb (0.3ms)
  Rendered static_pages/index.html.erb within layouts/application (210.5ms)
Completed 200 OK in 1024ms (Views: 989.7ms | ActiveRecord: 0.0ms)


Started GET "/assets/application.self-9a6456f8f8c31075747470742a0618f5d71354ed1d4b526b483537f796cd34df.css?body=1" for ::1 at 2021-02-11 16:26:45 -0500
Started GET "/assets/application.self-9a6456f8f8c31075747470742a0618f5d71354ed1d4b526b483537f796cd34df.css?body=1&livereload=1613078827401" for ::1 at 2021-02-11 16:27:07 -0500
Started GET "/assets/application.self-9a6456f8f8c31075747470742a0618f5d71354ed1d4b526b483537f796cd34df.css?body=1&livereload=1613078827403" for ::1 at 2021-02-11 16:27:07 -0500
Started GET "/" for ::1 at 2021-02-11 16:27:10 -0500
Processing by StaticPagesController#index as HTML
  Rendering static_pages/index.html.erb within layouts/application
  Rendered shared/_gear_dropdown.html.erb (3.8ms)
  Rendered shared/_main_nav.html.erb (12.4ms)
  Rendered shared/_masthead.html.erb (2.8ms)
  Rendered shared/_sections_nav.html.erb (0.5ms)
  Rendered shared/_search_modal.html.erb (0.4ms)
  Rendered shared/_main_content.html.erb (0.4ms)
  Rendered static_pages/index.html.erb within layouts/application (86.7ms)
Completed 200 OK in 323ms (Views: 240.7ms | ActiveRecord: 0.0ms)


Started GET "/assets/application.self-913fd451e4d1e7ca732f225885428f37ee3e6e477ae48a38d090b13e9d411a63.css?body=1" for ::1 at 2021-02-11 16:27:11 -0500
Started GET "/assets/application.self-913fd451e4d1e7ca732f225885428f37ee3e6e477ae48a38d090b13e9d411a63.css?body=1&livereload=1613078919634" for ::1 at 2021-02-11 16:28:39 -0500
Started GET "/assets/application.self-913fd451e4d1e7ca732f225885428f37ee3e6e477ae48a38d090b13e9d411a63.css?body=1&livereload=1613078919636" for ::1 at 2021-02-11 16:28:39 -0500
Started GET "/assets/application.self-913fd451e4d1e7ca732f225885428f37ee3e6e477ae48a38d090b13e9d411a63.css?body=1&livereload=1613079009077" for ::1 at 2021-02-11 16:30:09 -0500
Started GET "/assets/application.self-913fd451e4d1e7ca732f225885428f37ee3e6e477ae48a38d090b13e9d411a63.css?body=1&livereload=1613079009079" for ::1 at 2021-02-11 16:30:09 -0500
Started GET "/assets/application.self-913fd451e4d1e7ca732f225885428f37ee3e6e477ae48a38d090b13e9d411a63.css?body=1&livereload=1613079016535" for ::1 at 2021-02-11 16:30:16 -0500
Started GET "/assets/application.self-913fd451e4d1e7ca732f225885428f37ee3e6e477ae48a38d090b13e9d411a63.css?body=1&livereload=1613079016534" for ::1 at 2021-02-11 16:30:16 -0500
Started GET "/assets/application.self-913fd451e4d1e7ca732f225885428f37ee3e6e477ae48a38d090b13e9d411a63.css?body=1&livereload=1613079036141" for ::1 at 2021-02-11 16:30:36 -0500
Started GET "/assets/application.self-913fd451e4d1e7ca732f225885428f37ee3e6e477ae48a38d090b13e9d411a63.css?body=1&livereload=1613079036140" for ::1 at 2021-02-11 16:30:36 -0500
Started GET "/assets/application.self-913fd451e4d1e7ca732f225885428f37ee3e6e477ae48a38d090b13e9d411a63.css?body=1&livereload=1613079045546" for ::1 at 2021-02-11 16:30:45 -0500
Started GET "/assets/application.self-913fd451e4d1e7ca732f225885428f37ee3e6e477ae48a38d090b13e9d411a63.css?body=1&livereload=1613079045548" for ::1 at 2021-02-11 16:30:45 -0500
Started GET "/" for ::1 at 2021-02-11 16:30:48 -0500
Processing by StaticPagesController#index as HTML
  Rendering static_pages/index.html.erb within layouts/application
  Rendered shared/_gear_dropdown.html.erb (0.7ms)
  Rendered shared/_main_nav.html.erb (60.7ms)
  Rendered shared/_masthead.html.erb (6.0ms)
  Rendered shared/_sections_nav.html.erb (1.0ms)
  Rendered shared/_search_modal.html.erb (0.5ms)
  Rendered shared/_main_content.html.erb (0.4ms)
  Rendered static_pages/index.html.erb within layouts/application (162.0ms)
Completed 200 OK in 403ms (Views: 390.9ms | ActiveRecord: 0.0ms)


Started GET "/assets/application.self-c63fa823c8a95b13def09734da20de102143e26a31347aeb7c0cff69b09127c8.css?body=1" for ::1 at 2021-02-11 16:30:49 -0500
Started GET "/assets/application.self-c63fa823c8a95b13def09734da20de102143e26a31347aeb7c0cff69b09127c8.css?body=1&livereload=1613079057713" for ::1 at 2021-02-11 16:30:57 -0500
Started GET "/assets/application.self-c63fa823c8a95b13def09734da20de102143e26a31347aeb7c0cff69b09127c8.css?body=1&livereload=1613079057715" for ::1 at 2021-02-11 16:30:57 -0500
Started GET "/assets/application.self-c63fa823c8a95b13def09734da20de102143e26a31347aeb7c0cff69b09127c8.css?body=1&livereload=1613079122319" for ::1 at 2021-02-11 16:32:02 -0500
Started GET "/assets/application.self-c63fa823c8a95b13def09734da20de102143e26a31347aeb7c0cff69b09127c8.css?body=1&livereload=1613079122321" for ::1 at 2021-02-11 16:32:02 -0500
Started GET "/assets/application.self-c63fa823c8a95b13def09734da20de102143e26a31347aeb7c0cff69b09127c8.css?body=1&livereload=1613079139607" for ::1 at 2021-02-11 16:32:19 -0500
Started GET "/assets/application.self-c63fa823c8a95b13def09734da20de102143e26a31347aeb7c0cff69b09127c8.css?body=1&livereload=1613079139605" for ::1 at 2021-02-11 16:32:19 -0500
Started GET "/assets/application.self-c63fa823c8a95b13def09734da20de102143e26a31347aeb7c0cff69b09127c8.css?body=1&livereload=1613079167865" for ::1 at 2021-02-11 16:32:47 -0500
Started GET "/assets/application.self-c63fa823c8a95b13def09734da20de102143e26a31347aeb7c0cff69b09127c8.css?body=1&livereload=1613079167867" for ::1 at 2021-02-11 16:32:47 -0500
Started GET "/assets/application.self-c63fa823c8a95b13def09734da20de102143e26a31347aeb7c0cff69b09127c8.css?body=1&livereload=1613079176268" for ::1 at 2021-02-11 16:32:56 -0500
Started GET "/assets/application.self-c63fa823c8a95b13def09734da20de102143e26a31347aeb7c0cff69b09127c8.css?body=1&livereload=1613079176272" for ::1 at 2021-02-11 16:32:56 -0500
Started GET "/assets/application.self-c63fa823c8a95b13def09734da20de102143e26a31347aeb7c0cff69b09127c8.css?body=1&livereload=1613079227814" for ::1 at 2021-02-11 16:33:47 -0500
Started GET "/assets/application.self-c63fa823c8a95b13def09734da20de102143e26a31347aeb7c0cff69b09127c8.css?body=1&livereload=1613079227813" for ::1 at 2021-02-11 16:33:47 -0500
Started GET "/assets/application.self-c63fa823c8a95b13def09734da20de102143e26a31347aeb7c0cff69b09127c8.css?body=1&livereload=1613079241657" for ::1 at 2021-02-11 16:34:01 -0500
Started GET "/assets/application.self-c63fa823c8a95b13def09734da20de102143e26a31347aeb7c0cff69b09127c8.css?body=1&livereload=1613079241659" for ::1 at 2021-02-11 16:34:01 -0500
Started GET "/assets/application.self-c63fa823c8a95b13def09734da20de102143e26a31347aeb7c0cff69b09127c8.css?body=1&livereload=1613079265859" for ::1 at 2021-02-11 16:34:25 -0500
Started GET "/assets/application.self-c63fa823c8a95b13def09734da20de102143e26a31347aeb7c0cff69b09127c8.css?body=1&livereload=1613079265861" for ::1 at 2021-02-11 16:34:25 -0500
Started GET "/assets/application.self-c63fa823c8a95b13def09734da20de102143e26a31347aeb7c0cff69b09127c8.css?body=1&livereload=1613079291481" for ::1 at 2021-02-11 16:34:51 -0500
Started GET "/assets/application.self-c63fa823c8a95b13def09734da20de102143e26a31347aeb7c0cff69b09127c8.css?body=1&livereload=1613079291482" for ::1 at 2021-02-11 16:34:51 -0500
Started GET "/assets/application.self-c63fa823c8a95b13def09734da20de102143e26a31347aeb7c0cff69b09127c8.css?body=1&livereload=1613079317814" for ::1 at 2021-02-11 16:35:17 -0500
Started GET "/assets/application.self-c63fa823c8a95b13def09734da20de102143e26a31347aeb7c0cff69b09127c8.css?body=1&livereload=1613079317816" for ::1 at 2021-02-11 16:35:17 -0500
Started GET "/assets/application.self-c63fa823c8a95b13def09734da20de102143e26a31347aeb7c0cff69b09127c8.css?body=1&livereload=1613079336430" for ::1 at 2021-02-11 16:35:36 -0500
Started GET "/assets/application.self-c63fa823c8a95b13def09734da20de102143e26a31347aeb7c0cff69b09127c8.css?body=1&livereload=1613079336431" for ::1 at 2021-02-11 16:35:36 -0500
Started GET "/assets/application.self-c63fa823c8a95b13def09734da20de102143e26a31347aeb7c0cff69b09127c8.css?body=1&livereload=1613079356789" for ::1 at 2021-02-11 16:35:56 -0500
Started GET "/assets/application.self-c63fa823c8a95b13def09734da20de102143e26a31347aeb7c0cff69b09127c8.css?body=1&livereload=1613079356792" for ::1 at 2021-02-11 16:35:56 -0500
Started GET "/assets/application.self-c63fa823c8a95b13def09734da20de102143e26a31347aeb7c0cff69b09127c8.css?body=1&livereload=1613079415945" for ::1 at 2021-02-11 16:36:55 -0500
Started GET "/assets/application.self-c63fa823c8a95b13def09734da20de102143e26a31347aeb7c0cff69b09127c8.css?body=1&livereload=1613079415947" for ::1 at 2021-02-11 16:36:55 -0500
Started GET "/assets/application.self-c63fa823c8a95b13def09734da20de102143e26a31347aeb7c0cff69b09127c8.css?body=1&livereload=1613079441505" for ::1 at 2021-02-11 16:37:21 -0500
Started GET "/assets/application.self-c63fa823c8a95b13def09734da20de102143e26a31347aeb7c0cff69b09127c8.css?body=1&livereload=1613079441508" for ::1 at 2021-02-11 16:37:21 -0500
Started GET "/" for ::1 at 2021-02-11 16:37:23 -0500
Processing by StaticPagesController#index as HTML
  Rendering static_pages/index.html.erb within layouts/application
  Rendered shared/_gear_dropdown.html.erb (0.6ms)
  Rendered shared/_main_nav.html.erb (6.4ms)
  Rendered shared/_masthead.html.erb (1.4ms)
  Rendered shared/_sections_nav.html.erb (0.8ms)
  Rendered shared/_search_modal.html.erb (0.4ms)
  Rendered shared/_main_content.html.erb (0.3ms)
  Rendered static_pages/index.html.erb within layouts/application (50.6ms)
Completed 200 OK in 215ms (Views: 186.3ms | ActiveRecord: 0.0ms)


Started GET "/assets/application.self-ece762471fe9b93f705970c803522e50038c7f4d5fb5453d10916134252b47f5.css?body=1" for ::1 at 2021-02-11 16:37:24 -0500
Started GET "/assets/application.self-ece762471fe9b93f705970c803522e50038c7f4d5fb5453d10916134252b47f5.css?body=1&livereload=1613079460879" for ::1 at 2021-02-11 16:37:40 -0500
Started GET "/assets/application.self-ece762471fe9b93f705970c803522e50038c7f4d5fb5453d10916134252b47f5.css?body=1&livereload=1613079460863" for ::1 at 2021-02-11 16:37:40 -0500
Started GET "/" for ::1 at 2021-02-11 16:37:41 -0500
Processing by StaticPagesController#index as HTML
  Rendering static_pages/index.html.erb within layouts/application
  Rendered shared/_gear_dropdown.html.erb (0.9ms)
  Rendered shared/_main_nav.html.erb (97.6ms)
  Rendered shared/_masthead.html.erb (9.5ms)
  Rendered shared/_sections_nav.html.erb (0.6ms)
  Rendered shared/_search_modal.html.erb (0.3ms)
  Rendered shared/_main_content.html.erb (0.5ms)
  Rendered static_pages/index.html.erb within layouts/application (224.2ms)
Completed 200 OK in 653ms (Views: 643.9ms | ActiveRecord: 0.0ms)


Started GET "/assets/application.self-bd76651ce9b59dcf49c63917165dd0cf4de06de18946208b30f5b3f469807f89.css?body=1" for ::1 at 2021-02-11 16:37:42 -0500
Started GET "/assets/application.self-bd76651ce9b59dcf49c63917165dd0cf4de06de18946208b30f5b3f469807f89.css?body=1&livereload=1613079523033" for ::1 at 2021-02-11 16:38:43 -0500
Started GET "/assets/application.self-bd76651ce9b59dcf49c63917165dd0cf4de06de18946208b30f5b3f469807f89.css?body=1&livereload=1613079523035" for ::1 at 2021-02-11 16:38:43 -0500
Started GET "/assets/application.self-bd76651ce9b59dcf49c63917165dd0cf4de06de18946208b30f5b3f469807f89.css?body=1&livereload=1613079533324" for ::1 at 2021-02-11 16:38:53 -0500
Started GET "/assets/application.self-bd76651ce9b59dcf49c63917165dd0cf4de06de18946208b30f5b3f469807f89.css?body=1&livereload=1613079533325" for ::1 at 2021-02-11 16:38:53 -0500
Started GET "/" for ::1 at 2021-02-11 16:38:54 -0500
Processing by StaticPagesController#index as HTML
  Rendering static_pages/index.html.erb within layouts/application
  Rendered shared/_gear_dropdown.html.erb (0.5ms)
  Rendered shared/_main_nav.html.erb (14.9ms)
  Rendered shared/_masthead.html.erb (4.5ms)
  Rendered shared/_sections_nav.html.erb (21.4ms)
  Rendered shared/_search_modal.html.erb (0.4ms)
  Rendered shared/_main_content.html.erb (0.2ms)
  Rendered static_pages/index.html.erb within layouts/application (154.7ms)
Completed 200 OK in 369ms (Views: 353.9ms | ActiveRecord: 0.0ms)


Started GET "/assets/application.self-ed861081717306c06fa6b161043324e36bbfa666d0c58dbf67ac4e701d83da78.css?body=1" for ::1 at 2021-02-11 16:38:55 -0500
Started GET "/assets/application.self-ed861081717306c06fa6b161043324e36bbfa666d0c58dbf67ac4e701d83da78.css?body=1&livereload=1613079544248" for ::1 at 2021-02-11 16:39:04 -0500
Started GET "/assets/application.self-ed861081717306c06fa6b161043324e36bbfa666d0c58dbf67ac4e701d83da78.css?body=1&livereload=1613079544250" for ::1 at 2021-02-11 16:39:04 -0500
Started GET "/assets/application.self-ed861081717306c06fa6b161043324e36bbfa666d0c58dbf67ac4e701d83da78.css?body=1&livereload=1613079635258" for ::1 at 2021-02-11 16:40:35 -0500
Started GET "/assets/application.self-ed861081717306c06fa6b161043324e36bbfa666d0c58dbf67ac4e701d83da78.css?body=1&livereload=1613079635296" for ::1 at 2021-02-11 16:40:35 -0500
Started GET "/assets/application.self-ed861081717306c06fa6b161043324e36bbfa666d0c58dbf67ac4e701d83da78.css?body=1&livereload=1613079641962" for ::1 at 2021-02-11 16:40:41 -0500
Started GET "/assets/application.self-ed861081717306c06fa6b161043324e36bbfa666d0c58dbf67ac4e701d83da78.css?body=1&livereload=1613079641963" for ::1 at 2021-02-11 16:40:41 -0500
Started GET "/" for ::1 at 2021-02-11 16:40:48 -0500
Processing by StaticPagesController#index as HTML
  Rendering static_pages/index.html.erb within layouts/application
  Rendered shared/_gear_dropdown.html.erb (0.5ms)
  Rendered shared/_main_nav.html.erb (7.1ms)
  Rendered shared/_masthead.html.erb (4.2ms)
  Rendered shared/_sections_nav.html.erb (9.8ms)
  Rendered shared/_search_modal.html.erb (7.2ms)
  Rendered shared/_main_content.html.erb (2.8ms)
  Rendered static_pages/index.html.erb within layouts/application (244.6ms)
Completed 200 OK in 377ms (Views: 362.3ms | ActiveRecord: 0.0ms)


Started GET "/assets/application.self-7386c4b9ca70bb4d979b1af7f014d83cb299bf553ea60f318bb6db44519463ee.css?body=1" for ::1 at 2021-02-11 16:40:49 -0500
Started GET "/assets/application.self-7386c4b9ca70bb4d979b1af7f014d83cb299bf553ea60f318bb6db44519463ee.css?body=1&livereload=1613079658425" for ::1 at 2021-02-11 16:40:58 -0500
Started GET "/assets/application.self-7386c4b9ca70bb4d979b1af7f014d83cb299bf553ea60f318bb6db44519463ee.css?body=1&livereload=1613079658424" for ::1 at 2021-02-11 16:40:58 -0500
Started GET "/assets/application.self-7386c4b9ca70bb4d979b1af7f014d83cb299bf553ea60f318bb6db44519463ee.css?body=1&livereload=1613079667926" for ::1 at 2021-02-11 16:41:07 -0500
Started GET "/assets/application.self-7386c4b9ca70bb4d979b1af7f014d83cb299bf553ea60f318bb6db44519463ee.css?body=1&livereload=1613079667924" for ::1 at 2021-02-11 16:41:07 -0500
Started GET "/assets/application.self-7386c4b9ca70bb4d979b1af7f014d83cb299bf553ea60f318bb6db44519463ee.css?body=1&livereload=1613079746185" for ::1 at 2021-02-11 16:42:26 -0500
Started GET "/assets/application.self-7386c4b9ca70bb4d979b1af7f014d83cb299bf553ea60f318bb6db44519463ee.css?body=1&livereload=1613079746184" for ::1 at 2021-02-11 16:42:26 -0500
Started GET "/" for ::1 at 2021-02-11 16:42:35 -0500
Processing by StaticPagesController#index as HTML
  Rendering static_pages/index.html.erb within layouts/application
  Rendered shared/_gear_dropdown.html.erb (0.4ms)
  Rendered shared/_main_nav.html.erb (14.1ms)
  Rendered shared/_masthead.html.erb (16.6ms)
  Rendered shared/_sections_nav.html.erb (0.5ms)
  Rendered shared/_search_modal.html.erb (0.5ms)
  Rendered shared/_main_content.html.erb (0.8ms)
  Rendered static_pages/index.html.erb within layouts/application (244.1ms)
Completed 200 OK in 353ms (Views: 340.9ms | ActiveRecord: 0.0ms)


Started GET "/assets/application.self-bec471c8ed707f4b4b92d0d8c2711a1c8dac4847db517f5f8542aae3b148c442.css?body=1" for ::1 at 2021-02-11 16:42:35 -0500
Started GET "/assets/application.self-bec471c8ed707f4b4b92d0d8c2711a1c8dac4847db517f5f8542aae3b148c442.css?body=1&livereload=1613080168749" for ::1 at 2021-02-11 16:49:28 -0500
Started GET "/assets/application.self-bec471c8ed707f4b4b92d0d8c2711a1c8dac4847db517f5f8542aae3b148c442.css?body=1&livereload=1613080168753" for ::1 at 2021-02-11 16:49:28 -0500
Started GET "/" for ::1 at 2021-02-11 16:49:32 -0500
Processing by StaticPagesController#index as HTML
  Rendering static_pages/index.html.erb within layouts/application
  Rendered shared/_gear_dropdown.html.erb (3.4ms)
  Rendered shared/_main_nav.html.erb (56.8ms)
  Rendered shared/_masthead.html.erb (23.6ms)
  Rendered shared/_sections_nav.html.erb (0.9ms)
  Rendered shared/_search_modal.html.erb (0.2ms)
  Rendered shared/_main_content.html.erb (0.3ms)
  Rendered static_pages/index.html.erb within layouts/application (154.8ms)
Completed 200 OK in 293ms (Views: 275.8ms | ActiveRecord: 0.0ms)


Started GET "/assets/application.self-7e441ab39a36b4ba80eef2f34c338455dcb96f38affd04cc751ddb66b94ff754.css?body=1" for ::1 at 2021-02-11 16:49:32 -0500
Started GET "/assets/application.self-7e441ab39a36b4ba80eef2f34c338455dcb96f38affd04cc751ddb66b94ff754.css?body=1&livereload=1613080318546" for ::1 at 2021-02-11 16:51:58 -0500
Started GET "/assets/application.self-7e441ab39a36b4ba80eef2f34c338455dcb96f38affd04cc751ddb66b94ff754.css?body=1&livereload=1613080318548" for ::1 at 2021-02-11 16:51:58 -0500
